    ======  ======
    Time:3/25/2023 12:03:11 AM
    Title: Initiate log
    Message: 
    Time:3/25/2023 12:03:11 AM
    Title: Initiate InternalManager
    Message: Trying to Validate License
    Time:3/25/2023 12:03:11 AM
    Title: Requesting EVT
    Message: EVTP
    Time:3/25/2023 12:03:11 AM
    Title: Requesting Validation
    Message: ILMValidate
    Time:3/25/2023 12:03:11 AM
    Title: LICENSER
    Message: TRL MODE
    Time:3/25/2023 12:03:11 AM
    Title: LICENSER
    Message: DS LEFT6
    Time:3/25/2023 12:03:11 AM
    Title: LICENSER
    Message: DT MARK PASSED6.00:00:00
    Time:3/25/2023 12:03:13 AM
    Title: Access to the path 'C:\ProgramData\Telerik\Hash.lic' is denied.
    Message:    at System.IO.__Error.WinIOError(Int32 errorCode, String maybeFullPath)
   at System.IO.FileStream.Init(String path, FileMode mode, FileAccess access, Int32 rights, Boolean useRights, FileShare share, Int32 bufferSize, FileOptions options, SECURITY_ATTRIBUTES secAttrs, String msgPath, Boolean bFromProxy, Boolean useLongPath, Boolean checkHost)
   at System.IO.FileStream..ctor(String path, FileMode mode, FileAccess access, FileShare share)
   at Telerik.Licensing.Licenser.ReadHashPass()
    Entering constructor for: Telerik.CommonPackage.VSPackage
    Entering Initialize() of: Telerik.CommonPackage.VSPackage
    given range is not current
    given range is not current
    given range is not current
